qsort CPU 0.033042
set inverses CPU 0.019948
Scaling parameter is 1024
499<-371<-444<-0 adds 1067 incremental flow
499<-192<-386<-17<-0 adds 1043 incremental flow
499<-100<-39<-234<-0 adds 1087 incremental flow
499<-431<-322<-395<-196<-0 adds 1053 incremental flow
499<-450<-261<-143<-317<-0 adds 1080 incremental flow
499<-97<-349<-36<-235<-73<-0 adds 1083 incremental flow
499<-238<-424<-105<-490<-449<-0 adds 1044 incremental flow
499<-402<-360<-101<-322<-390<-323<-0 adds 1034 incremental flow
499<-109<-467<-262<-91<-336<-314<-121<-0 adds 1059 incremental flow
Scaling parameter is 512
499<-0 adds 821 incremental flow
499<-94<-0 adds 594 incremental flow
499<-144<-0 adds 613 incremental flow
499<-158<-0 adds 700 incremental flow
499<-165<-0 adds 540 incremental flow
499<-399<-0 adds 731 incremental flow
499<-410<-0 adds 660 incremental flow
499<-425<-0 adds 532 incremental flow
499<-457<-0 adds 512 incremental flow
499<-460<-0 adds 531 incremental flow
499<-466<-0 adds 533 incremental flow
499<-21<-1<-0 adds 524 incremental flow
499<-218<-7<-0 adds 567 incremental flow
499<-66<-13<-0 adds 571 incremental flow
499<-32<-18<-0 adds 563 incremental flow
499<-26<-22<-0 adds 593 incremental flow
499<-164<-35<-0 adds 580 incremental flow
499<-28<-38<-0 adds 789 incremental flow
499<-68<-42<-0 adds 591 incremental flow
499<-149<-42<-0 adds 580 incremental flow
499<-138<-50<-0 adds 513 incremental flow
499<-54<-60<-0 adds 531 incremental flow
499<-279<-64<-0 adds 591 incremental flow
499<-211<-71<-0 adds 541 incremental flow
499<-166<-74<-0 adds 563 incremental flow
499<-201<-74<-0 adds 544 incremental flow
499<-96<-82<-0 adds 525 incremental flow
499<-273<-84<-0 adds 525 incremental flow
499<-230<-85<-0 adds 518 incremental flow
499<-58<-98<-0 adds 566 incremental flow
499<-183<-98<-0 adds 562 incremental flow
499<-347<-98<-0 adds 530 incremental flow
499<-73<-103<-0 adds 559 incremental flow
499<-27<-105<-0 adds 548 incremental flow
499<-153<-116<-0 adds 566 incremental flow
499<-156<-120<-0 adds 533 incremental flow
499<-151<-125<-0 adds 554 incremental flow
499<-179<-161<-0 adds 551 incremental flow
499<-386<-161<-0 adds 527 incremental flow
499<-236<-172<-0 adds 537 incremental flow
499<-111<-175<-0 adds 691 incremental flow
499<-108<-177<-0 adds 538 incremental flow
499<-237<-193<-0 adds 516 incremental flow
499<-326<-194<-0 adds 583 incremental flow
499<-210<-217<-0 adds 522 incremental flow
499<-195<-219<-0 adds 551 incremental flow
499<-332<-221<-0 adds 559 incremental flow
499<-339<-226<-0 adds 537 incremental flow
499<-188<-233<-0 adds 534 incremental flow
499<-266<-264<-0 adds 528 incremental flow
499<-334<-285<-0 adds 603 incremental flow
499<-115<-288<-0 adds 554 incremental flow
499<-327<-289<-0 adds 596 incremental flow
499<-434<-304<-0 adds 570 incremental flow
499<-216<-306<-0 adds 512 incremental flow
499<-412<-320<-0 adds 581 incremental flow
499<-469<-325<-0 adds 548 incremental flow
499<-216<-345<-0 adds 518 incremental flow
499<-263<-359<-0 adds 598 incremental flow
499<-216<-363<-0 adds 526 incremental flow
499<-475<-363<-0 adds 571 incremental flow
499<-75<-364<-0 adds 589 incremental flow
499<-397<-376<-0 adds 749 incremental flow
499<-318<-384<-0 adds 563 incremental flow
499<-307<-394<-0 adds 548 incremental flow
499<-435<-409<-0 adds 556 incremental flow
499<-148<-416<-0 adds 517 incremental flow
499<-424<-431<-0 adds 587 incremental flow
499<-335<-442<-0 adds 517 incremental flow
499<-451<-465<-0 adds 621 incremental flow
499<-437<-470<-0 adds 554 incremental flow
499<-282<-25<-145<-0 adds 513 incremental flow
499<-493<-1<-181<-0 adds 515 incremental flow
499<-483<-119<-241<-0 adds 545 incremental flow
499<-461<-174<-241<-0 adds 687 incremental flow
499<-426<-257<-261<-0 adds 519 incremental flow
Scaling parameter is 256
499<-41<-0 adds 325 incremental flow
499<-63<-0 adds 351 incremental flow
499<-69<-0 adds 442 incremental flow
499<-109<-0 adds 262 incremental flow
499<-113<-0 adds 374 incremental flow
499<-129<-0 adds 497 incremental flow
499<-162<-0 adds 349 incremental flow
499<-188<-0 adds 459 incremental flow
499<-219<-0 adds 358 incremental flow
499<-292<-0 adds 289 incremental flow
499<-304<-0 adds 335 incremental flow
499<-310<-0 adds 289 incremental flow
499<-341<-0 adds 306 incremental flow
499<-351<-0 adds 258 incremental flow
499<-360<-0 adds 265 incremental flow
499<-376<-0 adds 292 incremental flow
499<-388<-0 adds 422 incremental flow
499<-393<-0 adds 442 incremental flow
499<-407<-0 adds 390 incremental flow
499<-409<-0 adds 323 incremental flow
499<-412<-0 adds 288 incremental flow
499<-419<-0 adds 353 incremental flow
499<-465<-0 adds 310 incremental flow
499<-476<-0 adds 320 incremental flow
499<-478<-0 adds 403 incremental flow
499<-496<-0 adds 428 incremental flow
499<-3<-9<-0 adds 378 incremental flow
499<-51<-13<-0 adds 281 incremental flow
499<-281<-22<-0 adds 266 incremental flow
499<-27<-33<-0 adds 403 incremental flow
499<-4<-43<-0 adds 324 incremental flow
499<-53<-44<-0 adds 366 incremental flow
499<-18<-45<-0 adds 408 incremental flow
499<-36<-47<-0 adds 318 incremental flow
499<-12<-48<-0 adds 332 incremental flow
499<-73<-55<-0 adds 283 incremental flow
499<-52<-59<-0 adds 374 incremental flow
499<-56<-77<-0 adds 299 incremental flow
499<-93<-78<-0 adds 289 incremental flow
499<-106<-87<-0 adds 312 incremental flow
499<-82<-90<-0 adds 460 incremental flow
499<-88<-92<-0 adds 366 incremental flow
499<-39<-100<-0 adds 276 incremental flow
499<-60<-103<-0 adds 263 incremental flow
499<-49<-112<-0 adds 380 incremental flow
499<-122<-114<-0 adds 389 incremental flow
499<-99<-115<-0 adds 262 incremental flow
499<-159<-118<-0 adds 261 incremental flow
499<-145<-119<-0 adds 269 incremental flow
499<-81<-120<-0 adds 405 incremental flow
499<-193<-127<-0 adds 435 incremental flow
499<-31<-130<-0 adds 382 incremental flow
499<-170<-131<-0 adds 363 incremental flow
499<-152<-135<-0 adds 374 incremental flow
499<-121<-147<-0 adds 386 incremental flow
499<-61<-153<-0 adds 271 incremental flow
499<-84<-158<-0 adds 364 incremental flow
499<-173<-168<-0 adds 406 incremental flow
499<-138<-169<-0 adds 290 incremental flow
499<-224<-179<-0 adds 441 incremental flow
499<-163<-182<-0 adds 309 incremental flow
499<-255<-183<-0 adds 481 incremental flow
499<-175<-187<-0 adds 323 incremental flow
499<-160<-198<-0 adds 374 incremental flow
499<-194<-206<-0 adds 263 incremental flow
499<-201<-210<-0 adds 344 incremental flow
499<-227<-213<-0 adds 361 incremental flow
499<-197<-221<-0 adds 292 incremental flow
499<-228<-225<-0 adds 389 incremental flow
499<-171<-226<-0 adds 354 incremental flow
499<-265<-230<-0 adds 366 incremental flow
499<-199<-232<-0 adds 270 incremental flow
499<-215<-238<-0 adds 333 incremental flow
499<-246<-240<-0 adds 385 incremental flow
499<-190<-242<-0 adds 351 incremental flow
499<-331<-245<-0 adds 324 incremental flow
499<-263<-247<-0 adds 281 incremental flow
499<-282<-250<-0 adds 269 incremental flow
499<-371<-251<-0 adds 307 incremental flow
499<-259<-254<-0 adds 376 incremental flow
499<-229<-261<-0 adds 361 incremental flow
499<-295<-269<-0 adds 381 incremental flow
499<-296<-272<-0 adds 262 incremental flow
499<-308<-280<-0 adds 306 incremental flow
499<-372<-283<-0 adds 363 incremental flow
499<-389<-283<-0 adds 389 incremental flow
499<-298<-288<-0 adds 341 incremental flow
499<-276<-290<-0 adds 419 incremental flow
499<-274<-292<-0 adds 367 incremental flow
499<-378<-307<-0 adds 301 incremental flow
499<-302<-312<-0 adds 465 incremental flow
499<-336<-314<-0 adds 281 incremental flow
499<-353<-316<-0 adds 282 incremental flow
499<-345<-323<-0 adds 277 incremental flow
499<-367<-326<-0 adds 263 incremental flow
499<-401<-332<-0 adds 373 incremental flow
499<-301<-333<-0 adds 265 incremental flow
499<-337<-333<-0 adds 318 incremental flow
499<-320<-334<-0 adds 273 incremental flow
499<-427<-342<-0 adds 281 incremental flow
499<-437<-342<-0 adds 286 incremental flow
499<-454<-342<-0 adds 379 incremental flow
499<-398<-344<-0 adds 287 incremental flow
499<-357<-346<-0 adds 342 incremental flow
499<-358<-359<-0 adds 290 incremental flow
499<-455<-363<-0 adds 264 incremental flow
499<-480<-363<-0 adds 275 incremental flow
499<-466<-374<-0 adds 289 incremental flow
499<-421<-383<-0 adds 332 incremental flow
499<-375<-387<-0 adds 372 incremental flow
499<-482<-388<-0 adds 314 incremental flow
499<-477<-410<-0 adds 256 incremental flow
499<-438<-413<-0 adds 282 incremental flow
499<-463<-420<-0 adds 445 incremental flow
499<-442<-422<-0 adds 345 incremental flow
499<-484<-426<-0 adds 348 incremental flow
499<-489<-435<-0 adds 344 incremental flow
499<-491<-436<-0 adds 284 incremental flow
499<-495<-443<-0 adds 266 incremental flow
499<-487<-445<-0 adds 328 incremental flow
499<-433<-446<-0 adds 259 incremental flow
Scaling parameter is 128
499<-108<-0 adds 154 incremental flow
499<-146<-0 adds 178 incremental flow
499<-176<-0 adds 150 incremental flow
499<-204<-0 adds 204 incremental flow
499<-252<-0 adds 140 incremental flow
499<-280<-0 adds 174 incremental flow
499<-421<-0 adds 134 incremental flow
499<-429<-0 adds 148 incremental flow
499<-493<-0 adds 130 incremental flow
499<-8<-12<-0 adds 221 incremental flow
499<-35<-17<-0 adds 130 incremental flow
499<-39<-18<-0 adds 166 incremental flow
499<-14<-19<-0 adds 207 incremental flow
499<-71<-40<-0 adds 217 incremental flow
499<-66<-41<-0 adds 171 incremental flow
499<-16<-42<-0 adds 195 incremental flow
499<-77<-49<-0 adds 142 incremental flow
499<-75<-50<-0 adds 146 incremental flow
499<-149<-60<-0 adds 229 incremental flow
499<-26<-67<-0 adds 148 incremental flow
499<-90<-73<-0 adds 166 incremental flow
499<-58<-81<-0 adds 177 incremental flow
499<-23<-87<-0 adds 142 incremental flow
499<-86<-103<-0 adds 156 incremental flow
499<-212<-133<-0 adds 149 incremental flow
499<-92<-137<-0 adds 150 incremental flow
499<-156<-145<-0 adds 210 incremental flow
499<-215<-148<-0 adds 170 incremental flow
499<-130<-157<-0 adds 239 incremental flow
499<-115<-167<-0 adds 128 incremental flow
499<-11<-182<-0 adds 171 incremental flow
499<-153<-189<-0 adds 197 incremental flow
499<-196<-190<-0 adds 168 incremental flow
499<-203<-197<-0 adds 144 incremental flow
499<-99<-199<-0 adds 196 incremental flow
499<-247<-206<-0 adds 146 incremental flow
499<-159<-250<-0 adds 146 incremental flow
499<-279<-271<-0 adds 163 incremental flow
499<-207<-276<-0 adds 135 incremental flow
499<-232<-278<-0 adds 144 incremental flow
499<-281<-289<-0 adds 226 incremental flow
499<-288<-293<-0 adds 216 incremental flow
499<-233<-314<-0 adds 169 incremental flow
499<-267<-329<-0 adds 147 incremental flow
499<-296<-330<-0 adds 187 incremental flow
499<-320<-347<-0 adds 171 incremental flow
499<-371<-348<-0 adds 144 incremental flow
499<-359<-353<-0 adds 219 incremental flow
499<-310<-356<-0 adds 175 incremental flow
499<-345<-366<-0 adds 154 incremental flow
499<-175<-374<-0 adds 135 incremental flow
499<-326<-379<-0 adds 226 incremental flow
499<-318<-380<-0 adds 134 incremental flow
499<-383<-395<-0 adds 239 incremental flow
499<-437<-396<-0 adds 137 incremental flow
499<-384<-410<-0 adds 176 incremental flow
499<-403<-410<-0 adds 208 incremental flow
499<-368<-414<-0 adds 143 incremental flow
499<-334<-429<-0 adds 151 incremental flow
499<-467<-429<-0 adds 136 incremental flow
499<-480<-430<-0 adds 128 incremental flow
499<-423<-433<-0 adds 185 incremental flow
499<-370<-434<-0 adds 190 incremental flow
499<-327<-438<-0 adds 169 incremental flow
499<-404<-441<-0 adds 179 incremental flow
499<-378<-442<-0 adds 132 incremental flow
499<-390<-446<-0 adds 213 incremental flow
499<-491<-449<-0 adds 131 incremental flow
499<-447<-458<-0 adds 154 incremental flow
499<-376<-459<-0 adds 151 incremental flow
499<-413<-463<-0 adds 135 incremental flow
499<-425<-464<-0 adds 242 incremental flow
499<-367<-469<-0 adds 205 incremental flow
499<-465<-473<-0 adds 185 incremental flow
499<-450<-478<-0 adds 220 incremental flow
499<-468<-478<-0 adds 253 incremental flow
Scaling parameter is 64
499<-17<-0 adds 72 incremental flow
499<-77<-0 adds 106 incremental flow
499<-88<-0 adds 102 incremental flow
499<-332<-0 adds 74 incremental flow
499<-375<-0 adds 113 incremental flow
499<-484<-0 adds 118 incremental flow
499<-495<-0 adds 68 incremental flow
499<-75<-45<-0 adds 69 incremental flow
499<-81<-47<-0 adds 89 incremental flow
499<-100<-58<-0 adds 112 incremental flow
499<-87<-59<-0 adds 100 incremental flow
499<-73<-94<-0 adds 82 incremental flow
499<-20<-98<-0 adds 80 incremental flow
499<-96<-119<-0 adds 66 incremental flow
499<-86<-131<-0 adds 72 incremental flow
499<-84<-146<-0 adds 75 incremental flow
499<-152<-148<-0 adds 67 incremental flow
499<-18<-196<-0 adds 75 incremental flow
499<-197<-217<-0 adds 121 incremental flow
499<-117<-226<-0 adds 96 incremental flow
499<-144<-231<-0 adds 68 incremental flow
499<-247<-232<-0 adds 72 incremental flow
499<-171<-239<-0 adds 103 incremental flow
499<-227<-258<-0 adds 87 incremental flow
499<-222<-262<-0 adds 105 incremental flow
499<-155<-266<-0 adds 111 incremental flow
499<-170<-269<-0 adds 85 incremental flow
499<-228<-276<-0 adds 105 incremental flow
499<-162<-307<-0 adds 73 incremental flow
499<-234<-308<-0 adds 106 incremental flow
499<-182<-317<-0 adds 100 incremental flow
499<-263<-322<-0 adds 71 incremental flow
499<-274<-354<-0 adds 106 incremental flow
499<-267<-360<-0 adds 69 incremental flow
499<-325<-380<-0 adds 105 incremental flow
499<-265<-395<-0 adds 74 incremental flow
499<-424<-396<-0 adds 100 incremental flow
499<-238<-398<-0 adds 80 incremental flow
499<-341<-399<-0 adds 68 incremental flow
499<-346<-410<-0 adds 106 incremental flow
499<-455<-410<-0 adds 76 incremental flow
499<-320<-412<-0 adds 64 incremental flow
499<-331<-419<-0 adds 102 incremental flow
499<-402<-422<-0 adds 99 incremental flow
499<-339<-423<-0 adds 115 incremental flow
499<-482<-449<-0 adds 68 incremental flow
499<-477<-453<-0 adds 100 incremental flow
499<-351<-459<-0 adds 75 incremental flow
499<-431<-459<-0 adds 68 incremental flow
499<-413<-481<-0 adds 70 incremental flow
Scaling parameter is 32
499<-8<-1<-0 adds 32 incremental flow
499<-53<-33<-0 adds 42 incremental flow
499<-17<-38<-0 adds 44 incremental flow
499<-93<-40<-0 adds 34 incremental flow
499<-23<-69<-0 adds 37 incremental flow
499<-60<-81<-0 adds 32 incremental flow
499<-295<-84<-0 adds 40 incremental flow
499<-58<-85<-0 adds 32 incremental flow
499<-237<-113<-0 adds 51 incremental flow
499<-368<-121<-0 adds 32 incremental flow
499<-73<-125<-0 adds 40 incremental flow
499<-246<-127<-0 adds 40 incremental flow
499<-92<-130<-0 adds 33 incremental flow
499<-265<-131<-0 adds 34 incremental flow
499<-337<-147<-0 adds 56 incremental flow
499<-152<-167<-0 adds 37 incremental flow
499<-378<-168<-0 adds 36 incremental flow
499<-302<-176<-0 adds 34 incremental flow
499<-266<-179<-0 adds 48 incremental flow
499<-341<-189<-0 adds 50 incremental flow
499<-164<-190<-0 adds 34 incremental flow
499<-336<-197<-0 adds 42 incremental flow
499<-426<-210<-0 adds 55 incremental flow
499<-404<-213<-0 adds 50 incremental flow
499<-393<-231<-0 adds 35 incremental flow
499<-390<-232<-0 adds 33 incremental flow
499<-438<-241<-0 adds 39 incremental flow
499<-466<-261<-0 adds 42 incremental flow
499<-469<-307<-0 adds 40 incremental flow
499<-460<-314<-0 adds 35 incremental flow
499<-423<-322<-0 adds 36 incremental flow
Scaling parameter is 16
499<-82<-0 adds 22 incremental flow
499<-84<-1<-0 adds 24 incremental flow
499<-92<-63<-0 adds 18 incremental flow
499<-75<-77<-0 adds 21 incremental flow
499<-122<-85<-0 adds 17 incremental flow
499<-108<-116<-0 adds 29 incremental flow
499<-20<-131<-0 adds 19 incremental flow
499<-111<-137<-0 adds 17 incremental flow
499<-212<-172<-0 adds 19 incremental flow
499<-218<-183<-0 adds 16 incremental flow
499<-96<-190<-0 adds 17 incremental flow
499<-367<-196<-0 adds 20 incremental flow
499<-192<-198<-0 adds 24 incremental flow
499<-170<-199<-0 adds 29 incremental flow
499<-335<-204<-0 adds 20 incremental flow
499<-230<-219<-0 adds 20 incremental flow
499<-56<-233<-0 adds 22 incremental flow
499<-165<-233<-0 adds 26 incremental flow
499<-357<-242<-0 adds 16 incremental flow
499<-378<-258<-0 adds 17 incremental flow
499<-327<-271<-0 adds 21 incremental flow
499<-386<-278<-0 adds 24 incremental flow
499<-421<-283<-0 adds 21 incremental flow
499<-393<-292<-0 adds 28 incremental flow
499<-480<-308<-0 adds 18 incremental flow
Scaling parameter is 8
499<-384<-0 adds 8 incremental flow
499<-12<-18<-0 adds 10 incremental flow
499<-81<-73<-0 adds 12 incremental flow
499<-31<-84<-0 adds 9 incremental flow
499<-16<-113<-0 adds 11 incremental flow
499<-66<-121<-0 adds 8 incremental flow
499<-11<-125<-0 adds 10 incremental flow
499<-26<-137<-0 adds 10 incremental flow
499<-93<-145<-0 adds 10 incremental flow
499<-53<-153<-0 adds 10 incremental flow
499<-96<-161<-0 adds 8 incremental flow
499<-152<-169<-0 adds 8 incremental flow
499<-122<-179<-0 adds 9 incremental flow
499<-88<-197<-0 adds 11 incremental flow
499<-304<-213<-0 adds 10 incremental flow
499<-129<-262<-0 adds 9 incremental flow
499<-194<-280<-0 adds 11 incremental flow
499<-236<-283<-0 adds 9 incremental flow
499<-298<-292<-0 adds 9 incremental flow
499<-466<-292<-0 adds 11 incremental flow
499<-228<-293<-0 adds 9 incremental flow
499<-159<-306<-0 adds 9 incremental flow
499<-341<-306<-0 adds 8 incremental flow
499<-163<-314<-0 adds 13 incremental flow
499<-469<-316<-0 adds 14 incremental flow
499<-483<-316<-0 adds 11 incremental flow
499<-246<-317<-0 adds 8 incremental flow
499<-357<-322<-0 adds 14 incremental flow
499<-390<-344<-0 adds 8 incremental flow
499<-302<-394<-0 adds 9 incremental flow
499<-375<-416<-0 adds 12 incremental flow
Scaling parameter is 4
499<-234<-0 adds 5 incremental flow
499<-130<-38<-0 adds 6 incremental flow
499<-31<-58<-0 adds 4 incremental flow
499<-96<-59<-0 adds 5 incremental flow
499<-4<-63<-0 adds 4 incremental flow
499<-84<-109<-0 adds 4 incremental flow
499<-129<-147<-0 adds 5 incremental flow
499<-211<-181<-0 adds 5 incremental flow
499<-23<-188<-0 adds 5 incremental flow
499<-14<-196<-0 adds 5 incremental flow
499<-117<-198<-0 adds 5 incremental flow
499<-246<-217<-0 adds 4 incremental flow
499<-274<-219<-0 adds 4 incremental flow
499<-171<-230<-0 adds 5 incremental flow
499<-335<-233<-0 adds 6 incremental flow
499<-218<-271<-0 adds 5 incremental flow
499<-259<-278<-0 adds 5 incremental flow
499<-409<-290<-0 adds 6 incremental flow
499<-378<-293<-0 adds 5 incremental flow
499<-212<-306<-0 adds 7 incremental flow
499<-252<-316<-0 adds 7 incremental flow
499<-426<-322<-0 adds 5 incremental flow
Scaling parameter is 2
499<-487<-58<-0 adds 3 incremental flow
499<-3<-59<-0 adds 2 incremental flow
499<-194<-82<-0 adds 2 incremental flow
499<-12<-112<-0 adds 2 incremental flow
499<-20<-125<-0 adds 2 incremental flow
499<-108<-181<-0 adds 2 incremental flow
499<-218<-196<-0 adds 2 incremental flow
499<-60<-293<-0 adds 3 incremental flow
499<-53<-306<-0 adds 2 incremental flow
499<-171<-314<-0 adds 2 incremental flow
499<-155<-330<-0 adds 2 incremental flow
499<-358<-330<-0 adds 2 incremental flow
499<-274<-342<-0 adds 2 incremental flow
499<-304<-342<-0 adds 2 incremental flow
499<-236<-344<-0 adds 2 incremental flow
499<-88<-360<-0 adds 3 incremental flow
Scaling parameter is 1
499<-36<-38<-0 adds 1 incremental flow
499<-75<-82<-0 adds 1 incremental flow
499<-84<-121<-0 adds 1 incremental flow
499<-4<-125<-0 adds 1 incremental flow
499<-122<-137<-0 adds 1 incremental flow
499<-179<-145<-0 adds 1 incremental flow
499<-53<-188<-0 adds 1 incremental flow
499<-16<-233<-0 adds 1 incremental flow
499<-246<-241<-0 adds 1 incremental flow
499<-326<-290<-0 adds 1 incremental flow
499<-149<-292<-0 adds 1 incremental flow
499<-302<-308<-0 adds 1 incremental flow
499<-339<-316<-0 adds 1 incremental flow
499<-281<-360<-0 adds 1 incremental flow
471 augmenting paths
total flow is 113241
Ford-Fulkerson time 0.062014
